<?xml version="1.0" encoding="UTF-8"?>
<!-- Generated by org.testng.reporters.JUnitReportReporter -->
<testsuite hostname="DESKTOP-820RNO9" failures="0" tests="1" name="testCases.TC02_LoginTest" time="1.332" errors="0" timestamp="2023-12-07T22:14:38 IST" skipped="0">
  <testcase classname="testCases.TC02_LoginTest" name="test_Login" time="1.332"/>
</testsuite> <!-- testCases.TC02_LoginTest -->
