<?xml version="1.0" encoding="UTF-8"?>
<!-- Generated by org.testng.reporters.JUnitReportReporter -->
<testsuite hostname="DESKTOP-820RNO9" failures="0" tests="1" name="testCases.TC01_AccountRegister" time="2.508" errors="0" timestamp="2023-12-09T16:26:44 IST" skipped="0">
  <testcase classname="testCases.TC01_AccountRegister" name="testaccountregistration" time="2.508"/>
</testsuite> <!-- testCases.TC01_AccountRegister -->
